The dependency tzinfo-data (>= 0) will be unused by any of the platforms Bundler is installing for. Bundler is installing for ruby but the dependency is only for x86-mingw32, x86-mswin32, x64-mingw32, java. To add those platforms to the bundle, run `bundle lock --add-platform x86-mingw32 x86-mswin32 x64-mingw32 java`.
/home/pgsadmin/.rvm/gems/ruby-2.7.2/gems/bootstrap-sass-3.4.1/lib/bootstrap-sass/version.rb:2: warning: already initialized constant Bootstrap::VERSION
/home/pgsadmin/.rvm/gems/ruby-2.7.2/gems/bootstrap-4.3.1/lib/bootstrap/version.rb:4: warning: previous definition of VERSION was here
/home/pgsadmin/.rvm/gems/ruby-2.7.2/gems/bootstrap-sass-3.4.1/lib/bootstrap-sass/version.rb:3: warning: already initialized constant Bootstrap::BOOTSTRAP_SHA
/home/pgsadmin/.rvm/gems/ruby-2.7.2/gems/bootstrap-4.3.1/lib/bootstrap/version.rb:5: warning: previous definition of BOOTSTRAP_SHA was here
/home/pgsadmin/.rvm/gems/ruby-2.7.2/gems/bootsnap-1.9.3/lib/bootsnap/load_path_cache/core_ext/kernel_require.rb:23:in `require': cannot load such file -- rack/handler/log/start.log (LoadError)
	from /home/pgsadmin/.rvm/gems/ruby-2.7.2/gems/bootsnap-1.9.3/lib/bootsnap/load_path_cache/core_ext/kernel_require.rb:23:in `block in require_with_bootsnap_lfi'
	from /home/pgsadmin/.rvm/gems/ruby-2.7.2/gems/bootsnap-1.9.3/lib/bootsnap/load_path_cache/loaded_features_index.rb:88:in `register'
	from /home/pgsadmin/.rvm/gems/ruby-2.7.2/gems/bootsnap-1.9.3/lib/bootsnap/load_path_cache/core_ext/kernel_require.rb:22:in `require_with_bootsnap_lfi'
	from /home/pgsadmin/.rvm/gems/ruby-2.7.2/gems/bootsnap-1.9.3/lib/bootsnap/load_path_cache/core_ext/kernel_require.rb:44:in `require'
	from /home/pgsadmin/.rvm/gems/ruby-2.7.2/gems/rack-2.2.3/lib/rack/handler.rb:79:in `try_require'
	from /home/pgsadmin/.rvm/gems/ruby-2.7.2/gems/rack-2.2.3/lib/rack/handler.rb:18:in `get'
	from /home/pgsadmin/.rvm/gems/ruby-2.7.2/gems/rack-2.2.3/lib/rack/server.rb:331:in `server'
	from /home/pgsadmin/.rvm/gems/ruby-2.7.2/gems/railties-5.2.6/lib/rails/commands/server/server_command.rb:105:in `use_puma?'
	from /home/pgsadmin/.rvm/gems/ruby-2.7.2/gems/railties-5.2.6/lib/rails/commands/server/server_command.rb:76:in `print_boot_information'
	from /home/pgsadmin/.rvm/gems/ruby-2.7.2/gems/railties-5.2.6/lib/rails/commands/server/server_command.rb:47:in `start'
	from /home/pgsadmin/.rvm/gems/ruby-2.7.2/gems/railties-5.2.6/lib/rails/commands/server/server_command.rb:147:in `block in perform'
	from /home/pgsadmin/.rvm/gems/ruby-2.7.2/gems/railties-5.2.6/lib/rails/commands/server/server_command.rb:142:in `tap'
	from /home/pgsadmin/.rvm/gems/ruby-2.7.2/gems/railties-5.2.6/lib/rails/commands/server/server_command.rb:142:in `perform'
	from /home/pgsadmin/.rvm/gems/ruby-2.7.2/gems/thor-1.2.1/lib/thor/command.rb:27:in `run'
	from /home/pgsadmin/.rvm/gems/ruby-2.7.2/gems/thor-1.2.1/lib/thor/invocation.rb:127:in `invoke_command'
	from /home/pgsadmin/.rvm/gems/ruby-2.7.2/gems/thor-1.2.1/lib/thor.rb:392:in `dispatch'
	from /home/pgsadmin/.rvm/gems/ruby-2.7.2/gems/railties-5.2.6/lib/rails/command/base.rb:69:in `perform'
	from /home/pgsadmin/.rvm/gems/ruby-2.7.2/gems/railties-5.2.6/lib/rails/command.rb:46:in `invoke'
	from /home/pgsadmin/.rvm/gems/ruby-2.7.2/gems/railties-5.2.6/lib/rails/commands.rb:18:in `<main>'
	from /home/pgsadmin/.rvm/gems/ruby-2.7.2/gems/bootsnap-1.9.3/lib/bootsnap/load_path_cache/core_ext/kernel_require.rb:23:in `require'
	from /home/pgsadmin/.rvm/gems/ruby-2.7.2/gems/bootsnap-1.9.3/lib/bootsnap/load_path_cache/core_ext/kernel_require.rb:23:in `block in require_with_bootsnap_lfi'
	from /home/pgsadmin/.rvm/gems/ruby-2.7.2/gems/bootsnap-1.9.3/lib/bootsnap/load_path_cache/loaded_features_index.rb:100:in `register'
	from /home/pgsadmin/.rvm/gems/ruby-2.7.2/gems/bootsnap-1.9.3/lib/bootsnap/load_path_cache/core_ext/kernel_require.rb:22:in `require_with_bootsnap_lfi'
	from /home/pgsadmin/.rvm/gems/ruby-2.7.2/gems/bootsnap-1.9.3/lib/bootsnap/load_path_cache/core_ext/kernel_require.rb:31:in `require'
	from bin/rails:9:in `<main>'
/home/pgsadmin/.rvm/gems/ruby-2.7.2/gems/rack-2.2.3/lib/rack/handler.rb:24:in `const_get': wrong constant name log/start.log (NameError)
	from /home/pgsadmin/.rvm/gems/ruby-2.7.2/gems/rack-2.2.3/lib/rack/handler.rb:24:in `get'
	from /home/pgsadmin/.rvm/gems/ruby-2.7.2/gems/rack-2.2.3/lib/rack/server.rb:331:in `server'
	from /home/pgsadmin/.rvm/gems/ruby-2.7.2/gems/railties-5.2.6/lib/rails/commands/server/server_command.rb:105:in `use_puma?'
	from /home/pgsadmin/.rvm/gems/ruby-2.7.2/gems/railties-5.2.6/lib/rails/commands/server/server_command.rb:76:in `print_boot_information'
	from /home/pgsadmin/.rvm/gems/ruby-2.7.2/gems/railties-5.2.6/lib/rails/commands/server/server_command.rb:47:in `start'
	from /home/pgsadmin/.rvm/gems/ruby-2.7.2/gems/railties-5.2.6/lib/rails/commands/server/server_command.rb:147:in `block in perform'
	from /home/pgsadmin/.rvm/gems/ruby-2.7.2/gems/railties-5.2.6/lib/rails/commands/server/server_command.rb:142:in `tap'
	from /home/pgsadmin/.rvm/gems/ruby-2.7.2/gems/railties-5.2.6/lib/rails/commands/server/server_command.rb:142:in `perform'
	from /home/pgsadmin/.rvm/gems/ruby-2.7.2/gems/thor-1.2.1/lib/thor/command.rb:27:in `run'
	from /home/pgsadmin/.rvm/gems/ruby-2.7.2/gems/thor-1.2.1/lib/thor/invocation.rb:127:in `invoke_command'
	from /home/pgsadmin/.rvm/gems/ruby-2.7.2/gems/thor-1.2.1/lib/thor.rb:392:in `dispatch'
	from /home/pgsadmin/.rvm/gems/ruby-2.7.2/gems/railties-5.2.6/lib/rails/command/base.rb:69:in `perform'
	from /home/pgsadmin/.rvm/gems/ruby-2.7.2/gems/railties-5.2.6/lib/rails/command.rb:46:in `invoke'
	from /home/pgsadmin/.rvm/gems/ruby-2.7.2/gems/railties-5.2.6/lib/rails/commands.rb:18:in `<main>'
	from /home/pgsadmin/.rvm/gems/ruby-2.7.2/gems/bootsnap-1.9.3/lib/bootsnap/load_path_cache/core_ext/kernel_require.rb:23:in `require'
	from /home/pgsadmin/.rvm/gems/ruby-2.7.2/gems/bootsnap-1.9.3/lib/bootsnap/load_path_cache/core_ext/kernel_require.rb:23:in `block in require_with_bootsnap_lfi'
	from /home/pgsadmin/.rvm/gems/ruby-2.7.2/gems/bootsnap-1.9.3/lib/bootsnap/load_path_cache/loaded_features_index.rb:100:in `register'
	from /home/pgsadmin/.rvm/gems/ruby-2.7.2/gems/bootsnap-1.9.3/lib/bootsnap/load_path_cache/core_ext/kernel_require.rb:22:in `require_with_bootsnap_lfi'
	from /home/pgsadmin/.rvm/gems/ruby-2.7.2/gems/bootsnap-1.9.3/lib/bootsnap/load_path_cache/core_ext/kernel_require.rb:31:in `require'
	from bin/rails:9:in `<main>'
Exiting
The dependency tzinfo-data (>= 0) will be unused by any of the platforms Bundler is installing for. Bundler is installing for ruby but the dependency is only for x86-mingw32, x86-mswin32, x64-mingw32, java. To add those platforms to the bundle, run `bundle lock --add-platform x86-mingw32 x86-mswin32 x64-mingw32 java`.
/home/pgsadmin/.rvm/gems/ruby-2.7.2/gems/bootstrap-sass-3.4.1/lib/bootstrap-sass/version.rb:2: warning: already initialized constant Bootstrap::VERSION
/home/pgsadmin/.rvm/gems/ruby-2.7.2/gems/bootstrap-4.3.1/lib/bootstrap/version.rb:4: warning: previous definition of VERSION was here
/home/pgsadmin/.rvm/gems/ruby-2.7.2/gems/bootstrap-sass-3.4.1/lib/bootstrap-sass/version.rb:3: warning: already initialized constant Bootstrap::BOOTSTRAP_SHA
/home/pgsadmin/.rvm/gems/ruby-2.7.2/gems/bootstrap-4.3.1/lib/bootstrap/version.rb:5: warning: previous definition of BOOTSTRAP_SHA was here
=> Booting Puma
=> Rails 5.2.6 application starting in production 
=> Run `rails server -h` for more startup options
Puma starting in single mode...
* Version 3.12.6 (ruby 2.7.2-p137), codename: Llamas in Pajamas
* Min threads: 5, max threads: 5
* Environment: production
* Listening on tcp://172.26.10.6:3001
Use Ctrl-C to stop
- Gracefully stopping, waiting for requests to finish
=== puma shutdown: 2022-08-05 14:57:25 +0100 ===
- Goodbye!
Exiting
The dependency tzinfo-data (>= 0) will be unused by any of the platforms Bundler is installing for. Bundler is installing for ruby but the dependency is only for x86-mingw32, x86-mswin32, x64-mingw32, java. To add those platforms to the bundle, run `bundle lock --add-platform x86-mingw32 x86-mswin32 x64-mingw32 java`.
/home/pgsadmin/.rvm/gems/ruby-2.7.2/gems/bootstrap-sass-3.4.1/lib/bootstrap-sass/version.rb:2: warning: already initialized constant Bootstrap::VERSION
/home/pgsadmin/.rvm/gems/ruby-2.7.2/gems/bootstrap-4.3.1/lib/bootstrap/version.rb:4: warning: previous definition of VERSION was here
/home/pgsadmin/.rvm/gems/ruby-2.7.2/gems/bootstrap-sass-3.4.1/lib/bootstrap-sass/version.rb:3: warning: already initialized constant Bootstrap::BOOTSTRAP_SHA
/home/pgsadmin/.rvm/gems/ruby-2.7.2/gems/bootstrap-4.3.1/lib/bootstrap/version.rb:5: warning: previous definition of BOOTSTRAP_SHA was here
=> Booting Puma
=> Rails 5.2.6 application starting in production 
=> Run `rails server -h` for more startup options
Puma starting in single mode...
* Version 3.12.6 (ruby 2.7.2-p137), codename: Llamas in Pajamas
* Min threads: 5, max threads: 5
* Environment: production
* Listening on tcp://172.26.10.6:3001
Use Ctrl-C to stop
- Gracefully stopping, waiting for requests to finish
=== puma shutdown: 2022-08-05 14:57:36 +0100 ===
- Goodbye!
Exiting
The dependency tzinfo-data (>= 0) will be unused by any of the platforms Bundler is installing for. Bundler is installing for ruby but the dependency is only for x86-mingw32, x86-mswin32, x64-mingw32, java. To add those platforms to the bundle, run `bundle lock --add-platform x86-mingw32 x86-mswin32 x64-mingw32 java`.
/home/pgsadmin/.rvm/gems/ruby-2.7.2/gems/bootstrap-sass-3.4.1/lib/bootstrap-sass/version.rb:2: warning: already initialized constant Bootstrap::VERSION
/home/pgsadmin/.rvm/gems/ruby-2.7.2/gems/bootstrap-4.3.1/lib/bootstrap/version.rb:4: warning: previous definition of VERSION was here
/home/pgsadmin/.rvm/gems/ruby-2.7.2/gems/bootstrap-sass-3.4.1/lib/bootstrap-sass/version.rb:3: warning: already initialized constant Bootstrap::BOOTSTRAP_SHA
/home/pgsadmin/.rvm/gems/ruby-2.7.2/gems/bootstrap-4.3.1/lib/bootstrap/version.rb:5: warning: previous definition of BOOTSTRAP_SHA was here
=> Booting Puma
=> Rails 5.2.6 application starting in production 
=> Run `rails server -h` for more startup options
Puma starting in single mode...
* Version 3.12.6 (ruby 2.7.2-p137), codename: Llamas in Pajamas
* Min threads: 5, max threads: 5
* Environment: production
* Listening on tcp://172.26.10.6:3001
Use Ctrl-C to stop
The dependency tzinfo-data (>= 0) will be unused by any of the platforms Bundler is installing for. Bundler is installing for ruby but the dependency is only for x86-mingw32, x86-mswin32, x64-mingw32, java. To add those platforms to the bundle, run `bundle lock --add-platform x86-mingw32 x86-mswin32 x64-mingw32 java`.
/home/pgsadmin/.rvm/gems/ruby-2.7.2/gems/bootstrap-sass-3.4.1/lib/bootstrap-sass/version.rb:2: warning: already initialized constant Bootstrap::VERSION
/home/pgsadmin/.rvm/gems/ruby-2.7.2/gems/bootstrap-4.3.1/lib/bootstrap/version.rb:4: warning: previous definition of VERSION was here
/home/pgsadmin/.rvm/gems/ruby-2.7.2/gems/bootstrap-sass-3.4.1/lib/bootstrap-sass/version.rb:3: warning: already initialized constant Bootstrap::BOOTSTRAP_SHA
/home/pgsadmin/.rvm/gems/ruby-2.7.2/gems/bootstrap-4.3.1/lib/bootstrap/version.rb:5: warning: previous definition of BOOTSTRAP_SHA was here
A server is already running. Check /home/pgsadmin/PagasoAPP/pgstrans/tmp/pids/server.pid.
=> Booting Puma
=> Rails 5.2.6 application starting in production 
=> Run `rails server -h` for more startup options
Exiting
The dependency tzinfo-data (>= 0) will be unused by any of the platforms Bundler is installing for. Bundler is installing for ruby but the dependency is only for x86-mingw32, x86-mswin32, x64-mingw32, java. To add those platforms to the bundle, run `bundle lock --add-platform x86-mingw32 x86-mswin32 x64-mingw32 java`.
The dependency tzinfo-data (>= 0) will be unused by any of the platforms Bundler is installing for. Bundler is installing for ruby but the dependency is only for x86-mingw32, x86-mswin32, x64-mingw32, java. To add those platforms to the bundle, run `bundle lock --add-platform x86-mingw32 x86-mswin32 x64-mingw32 java`.
/home/pgsadmin/.rvm/gems/ruby-2.7.2/gems/bootstrap-sass-3.4.1/lib/bootstrap-sass/version.rb:2: warning: already initialized constant Bootstrap::VERSION
/home/pgsadmin/.rvm/gems/ruby-2.7.2/gems/bootstrap-4.3.1/lib/bootstrap/version.rb:4: warning: previous definition of VERSION was here
/home/pgsadmin/.rvm/gems/ruby-2.7.2/gems/bootstrap-sass-3.4.1/lib/bootstrap-sass/version.rb:3: warning: already initialized constant Bootstrap::BOOTSTRAP_SHA
/home/pgsadmin/.rvm/gems/ruby-2.7.2/gems/bootstrap-4.3.1/lib/bootstrap/version.rb:5: warning: previous definition of BOOTSTRAP_SHA was here
/home/pgsadmin/.rvm/gems/ruby-2.7.2/gems/bootstrap-sass-3.4.1/lib/bootstrap-sass/version.rb:2: warning: already initialized constant Bootstrap::VERSION
/home/pgsadmin/.rvm/gems/ruby-2.7.2/gems/bootstrap-4.3.1/lib/bootstrap/version.rb:4: warning: previous definition of VERSION was here
/home/pgsadmin/.rvm/gems/ruby-2.7.2/gems/bootstrap-sass-3.4.1/lib/bootstrap-sass/version.rb:3: warning: already initialized constant Bootstrap::BOOTSTRAP_SHA
/home/pgsadmin/.rvm/gems/ruby-2.7.2/gems/bootstrap-4.3.1/lib/bootstrap/version.rb:5: warning: previous definition of BOOTSTRAP_SHA was here
A server is already running. Check /home/pgsadmin/PagasoAPP/pgstrans/tmp/pids/server.pid.
=> Booting Puma
=> Rails 5.2.6 application starting in production 
=> Run `rails server -h` for more startup options
Exiting
20220805145949 - lendo ...
- Gracefully stopping, waiting for requests to finish
=== puma shutdown: 2022-08-05 15:00:57 +0100 ===
- Goodbye!
Exiting
rake aborted!
SignalException: SIGTERM
/home/pgsadmin/.rvm/gems/ruby-2.7.2/gems/newrelic_rpm-8.5.0/lib/new_relic/agent/instrumentation/net_http/prepend.rb:15:in `block in request'
/home/pgsadmin/.rvm/gems/ruby-2.7.2/gems/newrelic_rpm-8.5.0/lib/new_relic/agent/instrumentation/net_http/instrumentation.rb:26:in `block (2 levels) in request_with_tracing'
/home/pgsadmin/.rvm/gems/ruby-2.7.2/gems/newrelic_rpm-8.5.0/lib/new_relic/agent/tracer.rb:351:in `capture_segment_error'
/home/pgsadmin/.rvm/gems/ruby-2.7.2/gems/newrelic_rpm-8.5.0/lib/new_relic/agent/instrumentation/net_http/instrumentation.rb:25:in `block in request_with_tracing'
/home/pgsadmin/.rvm/gems/ruby-2.7.2/gems/newrelic_rpm-8.5.0/lib/new_relic/agent.rb:502:in `disable_all_tracing'
/home/pgsadmin/.rvm/gems/ruby-2.7.2/gems/newrelic_rpm-8.5.0/lib/new_relic/agent/instrumentation/net_http/instrumentation.rb:24:in `request_with_tracing'
/home/pgsadmin/.rvm/gems/ruby-2.7.2/gems/newrelic_rpm-8.5.0/lib/new_relic/agent/instrumentation/net_http/prepend.rb:15:in `request'
/home/pgsadmin/.rvm/gems/ruby-2.7.2/gems/aws-sdk-core-3.125.1/lib/seahorse/client/net_http/connection_pool.rb:348:in `request'
/home/pgsadmin/.rvm/gems/ruby-2.7.2/gems/aws-sdk-core-3.125.1/lib/seahorse/client/net_http/handler.rb:79:in `block in transmit'
/home/pgsadmin/.rvm/gems/ruby-2.7.2/gems/aws-sdk-core-3.125.1/lib/seahorse/client/net_http/handler.rb:133:in `block in session'
/home/pgsadmin/.rvm/gems/ruby-2.7.2/gems/aws-sdk-core-3.125.1/lib/seahorse/client/net_http/connection_pool.rb:104:in `session_for'
/home/pgsadmin/.rvm/gems/ruby-2.7.2/gems/aws-sdk-core-3.125.1/lib/seahorse/client/net_http/handler.rb:128:in `session'
/home/pgsadmin/.rvm/gems/ruby-2.7.2/gems/aws-sdk-core-3.125.1/lib/seahorse/client/net_http/handler.rb:76:in `transmit'
/home/pgsadmin/.rvm/gems/ruby-2.7.2/gems/aws-sdk-core-3.125.1/lib/seahorse/client/net_http/handler.rb:50:in `call'
/home/pgsadmin/.rvm/gems/ruby-2.7.2/gems/aws-sdk-core-3.125.1/lib/seahorse/client/plugins/content_length.rb:24:in `call'
/home/pgsadmin/.rvm/gems/ruby-2.7.2/gems/aws-sdk-core-3.125.1/lib/seahorse/client/plugins/request_callback.rb:85:in `call'
/home/pgsadmin/.rvm/gems/ruby-2.7.2/gems/aws-sdk-core-3.125.1/lib/aws-sdk-core/xml/error_handler.rb:10:in `call'
/home/pgsadmin/.rvm/gems/ruby-2.7.2/gems/aws-sdk-core-3.125.1/lib/aws-sdk-core/plugins/signature_v4.rb:58:in `call'
/home/pgsadmin/.rvm/gems/ruby-2.7.2/gems/aws-sdk-core-3.125.1/lib/aws-sdk-core/plugins/transfer_encoding.rb:26:in `call'
/home/pgsadmin/.rvm/gems/ruby-2.7.2/gems/aws-sdk-core-3.125.1/lib/aws-sdk-core/plugins/helpful_socket_errors.rb:12:in `call'
/home/pgsadmin/.rvm/gems/ruby-2.7.2/gems/aws-sdk-core-3.125.1/lib/aws-sdk-core/plugins/retry_errors.rb:355:in `call'
/home/pgsadmin/.rvm/gems/ruby-2.7.2/gems/aws-sdk-core-3.125.1/lib/aws-sdk-core/plugins/http_checksum.rb:18:in `call'
/home/pgsadmin/.rvm/gems/ruby-2.7.2/gems/aws-sdk-core-3.125.1/lib/aws-sdk-core/plugins/endpoint_pattern.rb:30:in `call'
/home/pgsadmin/.rvm/gems/ruby-2.7.2/gems/aws-sdk-sqs-1.49.0/lib/aws-sdk-sqs/plugins/queue_urls.rb:16:in `call'
/home/pgsadmin/.rvm/gems/ruby-2.7.2/gems/aws-sdk-core-3.125.1/lib/aws-sdk-core/query/handler.rb:30:in `call'
/home/pgsadmin/.rvm/gems/ruby-2.7.2/gems/aws-sdk-core-3.125.1/lib/aws-sdk-core/plugins/user_agent.rb:13:in `call'
/home/pgsadmin/.rvm/gems/ruby-2.7.2/gems/aws-sdk-core-3.125.1/lib/aws-sdk-core/plugins/endpoint_discovery.rb:80:in `call'
/home/pgsadmin/.rvm/gems/ruby-2.7.2/gems/aws-sdk-core-3.125.1/lib/seahorse/client/plugins/endpoint.rb:47:in `call'
/home/pgsadmin/.rvm/gems/ruby-2.7.2/gems/aws-sdk-core-3.125.1/lib/aws-sdk-core/plugins/param_validator.rb:26:in `call'
/home/pgsadmin/.rvm/gems/ruby-2.7.2/gems/aws-sdk-core-3.125.1/lib/seahorse/client/plugins/raise_response_errors.rb:16:in `call'
/home/pgsadmin/.rvm/gems/ruby-2.7.2/gems/aws-sdk-core-3.125.1/lib/aws-sdk-core/plugins/jsonvalue_converter.rb:22:in `call'
/home/pgsadmin/.rvm/gems/ruby-2.7.2/gems/aws-sdk-core-3.125.1/lib/aws-sdk-core/plugins/idempotency_token.rb:19:in `call'
/home/pgsadmin/.rvm/gems/ruby-2.7.2/gems/aws-sdk-core-3.125.1/lib/aws-sdk-core/plugins/param_converter.rb:26:in `call'
/home/pgsadmin/.rvm/gems/ruby-2.7.2/gems/aws-sdk-core-3.125.1/lib/seahorse/client/plugins/request_callback.rb:71:in `call'
/home/pgsadmin/.rvm/gems/ruby-2.7.2/gems/aws-sdk-core-3.125.1/lib/aws-sdk-core/plugins/response_paging.rb:12:in `call'
/home/pgsadmin/.rvm/gems/ruby-2.7.2/gems/aws-sdk-core-3.125.1/lib/seahorse/client/plugins/response_target.rb:24:in `call'
/home/pgsadmin/.rvm/gems/ruby-2.7.2/gems/aws-sdk-core-3.125.1/lib/seahorse/client/request.rb:72:in `send_request'
/home/pgsadmin/.rvm/gems/ruby-2.7.2/gems/aws-sdk-sqs-1.49.0/lib/aws-sdk-sqs/client.rb:1799:in `receive_message'
/home/pgsadmin/PagasoAPP/pgstrans/lib/tasks/sqs_consumer.rake:11:in `block (2 levels) in <main>'
/home/pgsadmin/.rvm/gems/ruby-2.7.2/gems/rake-13.0.6/exe/rake:27:in `<top (required)>'
/home/pgsadmin/.rvm/gems/ruby-2.7.2/bin/ruby_executable_hooks:24:in `eval'
/home/pgsadmin/.rvm/gems/ruby-2.7.2/bin/ruby_executable_hooks:24:in `<main>'
Tasks: TOP => sqs:consumer
(See full trace by running task with --trace)
20220805150010 - lendo ...
20220805150031 - lendo ...
20220805150051 - lendo ...
